2025-05-22 12:16:52,862 DEBUG - Starting WinSW in console mode
2025-05-22 12:16:52,966 FATAL - Unhandled exception
System.Exception: Unknown command: inistal
   at WinSW.Program.Run(String[] argsArray, IServiceConfig config)
   at WinSW.Program.Main(String[] args)
2025-05-22 12:17:00,976 DEBUG - Starting WinSW in console mode
2025-05-22 12:17:01,072 INFO  - Installing service 'supernode_server (supernode)'...
2025-05-22 12:17:01,196 INFO  - Service 'supernode_server (supernode)' was installed successfully.
2025-05-22 12:17:28,619 DEBUG - Starting WinSW in service mode
2025-05-22 12:17:29,058 INFO  - Starting "C:\opt\n2n\supernode\supernode.exe"  C:\opt\n2n\etc\supernode.conf -f -v 
2025-05-22 12:17:29,139 INFO  - Started process 2964
2025-05-22 12:17:29,170 DEBUG - Forwarding logs of the process System.Diagnostics.Process (supernode) to WinSW.ResetLogAppender
2025-05-22 12:37:32,004 DEBUG - Starting WinSW in service mode
2025-05-22 12:37:32,616 INFO  - Starting "C:\opt\n2n\supernode\supernode.exe"  C:\opt\n2n\etc\supernode.conf -f -v 
2025-05-22 12:37:32,727 INFO  - Started process 1968
2025-05-22 12:37:32,761 DEBUG - Forwarding logs of the process System.Diagnostics.Process (supernode) to WinSW.ResetLogAppender
2025-05-22 12:51:19,179 DEBUG - Starting WinSW in service mode
2025-05-22 12:51:20,065 INFO  - Starting "C:\opt\n2n\supernode\supernode.exe"  C:\opt\n2n\etc\supernode.conf -f -v 
2025-05-22 12:51:20,165 INFO  - Started process 1888
2025-05-22 12:51:20,196 DEBUG - Forwarding logs of the process System.Diagnostics.Process (supernode) to WinSW.ResetLogAppender
2025-05-22 12:54:15,414 DEBUG - Starting WinSW in service mode
2025-05-22 12:54:16,304 INFO  - Starting "C:\opt\n2n\supernode\supernode.exe"  C:\opt\n2n\etc\supernode.conf -f -v 
2025-05-22 12:54:16,387 INFO  - Started process 1904
2025-05-22 12:54:16,419 DEBUG - Forwarding logs of the process System.Diagnostics.Process (supernode) to WinSW.ResetLogAppender
2025-05-22 12:54:51,708 DEBUG - Starting WinSW in service mode
2025-05-22 12:54:52,572 INFO  - Starting "C:\opt\n2n\supernode\supernode.exe"  C:\opt\n2n\etc\supernode.conf -f -v 
2025-05-22 12:54:52,665 INFO  - Started process 1940
2025-05-22 12:54:52,694 DEBUG - Forwarding logs of the process System.Diagnostics.Process (supernode) to WinSW.ResetLogAppender
